[debug] [2026-01-02T20:04:26.656Z] ----------------------------------------------------------------------
[debug] [2026-01-02T20:04:26.658Z] Command:       /nix/store/ws50yvm6vzlzf7jzz6n7xh4szddrack1-nodejs-20.19.1/bin/node /nix/store/c776mhyhgykcld7p90ajrka149ifn61a-firebase-tools-14.26.0/lib/node_modules/firebase-tools/lib/bin/firebase.js deploy --only functions:api
[debug] [2026-01-02T20:04:26.659Z] CLI Version:   14.26.0
[debug] [2026-01-02T20:04:26.659Z] Platform:      linux
[debug] [2026-01-02T20:04:26.659Z] Node Version:  v20.19.1
[debug] [2026-01-02T20:04:26.659Z] Time:          Fri Jan 02 2026 20:04:26 GMT+0000 (Coordinated Universal Time)
[debug] [2026-01-02T20:04:26.659Z] ----------------------------------------------------------------------
[debug] 
[debug] [2026-01-02T20:04:27.056Z] Checked if tokens are valid: true, expires at: 1767385544403
[debug] [2026-01-02T20:04:27.057Z] Checked if tokens are valid: true, expires at: 1767385544403
[debug] [2026-01-02T20:04:27.060Z] >>> [apiv2][query] GET https://monospace-pa.googleapis.com/v1/workspaces/urai-admin-73155349 [none]
[debug] [2026-01-02T20:04:27.712Z] <<< [apiv2][status] GET https://monospace-pa.googleapis.com/v1/workspaces/urai-admin-73155349 200
[debug] [2026-01-02T20:04:27.714Z] <<< [apiv2][body] GET https://monospace-pa.googleapis.com/v1/workspaces/urai-admin-73155349 {"workspaceId":"urai-admin-73155349","name":"urai-admin","workspaceRedirectUrl":"firebase-urai-admin-1756322991074.cluster-ocv3ypmyqfbqysslgd7zlhmxek.cloudworkstations.dev","status":"WORKSPACE_STATUS_RUNNING","lastAccessDatetime":"2026-01-02T17:31:06.921222Z","workspaceTemplate":"WORKSPACE_TEMPLATE_BLANK_WEB","owner":"SELF","serviceAccountEmail":"msp-1441963727680545948@monospace-per-ws-sa-1.iam.gserviceaccount.com","enableNix":true,"ownerEmail":"lifeloggerai@gmail.com","workspaceImageUrl":"https://www.gstatic.com/monospace/250314/workspace-blank-192.png","templateArgs":"{}","templateRepoUrl":"file:///usr/local/monospace/templates/public/blank-nix","workstationAccessToken":"eyJhbGciOiJSUzI1NiIsInR5cCI6IkpXVCJ9.eyJpc3MiOiJodHRwczovL2Nsb3VkLmdvb2dsZS5jb20vd29ya3N0YXRpb25zIiwiYXVkIjoiZmlyZWJhc2UtdXJhaS1hZG1pbi0xNzU2MzIyOTkxMDc0LmNsdXN0ZXItb2N2M3lwbXlxZmJxeXNzbGdkN3psaG14ZWsuY2xvdWR3b3Jrc3RhdGlvbnMuZGV2IiwiaWF0IjoxNzY3Mzg0MjY3LCJleHAiOjE3Njc0NzA2Njd9.HOpJ-rUls8G-F47s4XlTFwvDfDfht4J0F3bHupQr3XvMg8-jVXmmG-k7_2uDXlPeJW00plem3WX8rX56NM3AoMIkEr3Ha0kgiLj7kbWcbZAQHJNm8Wp4cjb-_4PkkvXk2SySPO4dRhYUcq87p9-UV8KunG3hEREmjHcHUQBfyZgIAGExl-w9EaMPat8O42aGvwNvzC-xPDhJTkGqFq0ZfPht-sESu87cYiw275EEw3wpF2GO_e1h8I5r43fuBzGZDoHeGkL_aiZUF5lwTPXzIFNjelucXaXhP0SvVSS3KAOWDUd25-vC_TvTL9qEhRjazxkq8D239KWZAJcTDYFJmQ","firebaseProjectId":"urai-4dc1d"}
[debug] [2026-01-02T20:04:27.715Z] > command requires scopes: ["email","openid","https://www.googleapis.com/auth/cloudplatformprojects.readonly","https://www.googleapis.com/auth/firebase","https://www.googleapis.com/auth/cloud-platform","https://www.googleapis.com/auth/userinfo.email"]
[debug] [2026-01-02T20:04:27.716Z] > authorizing via signed-in user (lifeloggerai@gmail.com)
[debug] [2026-01-02T20:04:27.717Z] [iam] checking project urai-4dc1d for permissions ["cloudfunctions.functions.create","cloudfunctions.functions.delete","cloudfunctions.functions.get","cloudfunctions.functions.list","cloudfunctions.functions.update","cloudfunctions.operations.get","firebase.projects.get"]
[debug] [2026-01-02T20:04:27.718Z] Checked if tokens are valid: true, expires at: 1767385544403
[debug] [2026-01-02T20:04:27.718Z] Checked if tokens are valid: true, expires at: 1767385544403
[debug] [2026-01-02T20:04:27.718Z] >>> [apiv2][query] POST https://cloudresourcemanager.googleapis.com/v1/projects/urai-4dc1d:testIamPermissions [none]
[debug] [2026-01-02T20:04:27.718Z] >>> [apiv2][(partial)header] POST https://cloudresourcemanager.googleapis.com/v1/projects/urai-4dc1d:testIamPermissions x-goog-quota-user=projects/urai-4dc1d
[debug] [2026-01-02T20:04:27.718Z] >>> [apiv2][body] POST https://cloudresourcemanager.googleapis.com/v1/projects/urai-4dc1d:testIamPermissions {"permissions":["cloudfunctions.functions.create","cloudfunctions.functions.delete","cloudfunctions.functions.get","cloudfunctions.functions.list","cloudfunctions.functions.update","cloudfunctions.operations.get","firebase.projects.get"]}
[debug] [2026-01-02T20:04:27.785Z] <<< [apiv2][status] POST https://cloudresourcemanager.googleapis.com/v1/projects/urai-4dc1d:testIamPermissions 200
[debug] [2026-01-02T20:04:27.785Z] <<< [apiv2][body] POST https://cloudresourcemanager.googleapis.com/v1/projects/urai-4dc1d:testIamPermissions {"permissions":["cloudfunctions.functions.create","cloudfunctions.functions.delete","cloudfunctions.functions.get","cloudfunctions.functions.list","cloudfunctions.functions.update","cloudfunctions.operations.get","firebase.projects.get"]}
[debug] [2026-01-02T20:04:27.788Z] Checked if tokens are valid: true, expires at: 1767385544403
[debug] [2026-01-02T20:04:27.788Z] Checked if tokens are valid: true, expires at: 1767385544403
[debug] [2026-01-02T20:04:27.789Z] >>> [apiv2][query] POST https://iam.googleapis.com/v1/projects/urai-4dc1d/serviceAccounts/urai-4dc1d@appspot.gserviceaccount.com:testIamPermissions [none]
[debug] [2026-01-02T20:04:27.789Z] >>> [apiv2][body] POST https://iam.googleapis.com/v1/projects/urai-4dc1d/serviceAccounts/urai-4dc1d@appspot.gserviceaccount.com:testIamPermissions {"permissions":["iam.serviceAccounts.actAs"]}
[debug] [2026-01-02T20:04:27.854Z] <<< [apiv2][status] POST https://iam.googleapis.com/v1/projects/urai-4dc1d/serviceAccounts/urai-4dc1d@appspot.gserviceaccount.com:testIamPermissions 200
[debug] [2026-01-02T20:04:27.854Z] <<< [apiv2][body] POST https://iam.googleapis.com/v1/projects/urai-4dc1d/serviceAccounts/urai-4dc1d@appspot.gserviceaccount.com:testIamPermissions {"permissions":["iam.serviceAccounts.actAs"]}
[info] 
[info] === Deploying to 'urai-4dc1d'...
[info] 
[info] i  deploying functions 
[info] Running command: npm --prefix functions run build
[info] ✔  functions: Finished running predeploy script. 
[debug] [2026-01-02T20:04:42.673Z] Checked if tokens are valid: true, expires at: 1767385544403
[debug] [2026-01-02T20:04:42.673Z] Checked if tokens are valid: true, expires at: 1767385544403
[debug] [2026-01-02T20:04:42.673Z] >>> [apiv2][query] GET https://cloudresourcemanager.googleapis.com/v1/projects/urai-4dc1d [none]
[debug] [2026-01-02T20:04:42.729Z] <<< [apiv2][status] GET https://cloudresourcemanager.googleapis.com/v1/projects/urai-4dc1d 200
[debug] [2026-01-02T20:04:42.729Z] <<< [apiv2][body] GET https://cloudresourcemanager.googleapis.com/v1/projects/urai-4dc1d {"projectNumber":"952723774155","projectId":"urai-4dc1d","lifecycleState":"ACTIVE","name":"urai-web-prod","labels":{"firebase":"enabled","firebase-core":"disabled","generative-language":"enabled"},"createTime":"2025-08-09T04:04:38.137516Z"}
[info] i  functions: preparing codebase default for deployment 
[info] i  functions: ensuring required API cloudfunctions.googleapis.com is enabled... 
[info] i  functions: ensuring required API cloudbuild.googleapis.com is enabled... 
[info] i  artifactregistry: ensuring required API artifactregistry.googleapis.com is enabled... 
[debug] [2026-01-02T20:04:42.735Z] Checked if tokens are valid: true, expires at: 1767385544403
[debug] [2026-01-02T20:04:42.735Z] Checked if tokens are valid: true, expires at: 1767385544403
[debug] [2026-01-02T20:04:42.736Z] >>> [apiv2][query] GET https://firebase.googleapis.com/v1beta1/projects/urai-4dc1d/adminSdkConfig [none]
[debug] [2026-01-02T20:04:43.019Z] <<< [apiv2][status] GET https://firebase.googleapis.com/v1beta1/projects/urai-4dc1d/adminSdkConfig 200
[debug] [2026-01-02T20:04:43.019Z] <<< [apiv2][body] GET https://firebase.googleapis.com/v1beta1/projects/urai-4dc1d/adminSdkConfig {"projectId":"urai-4dc1d","databaseURL":"https://urai-4dc1d-default-rtdb.firebaseio.com","storageBucket":"urai-4dc1d.firebasestorage.app"}
[debug] [2026-01-02T20:04:43.020Z] Checked if tokens are valid: true, expires at: 1767385544403
[debug] [2026-01-02T20:04:43.020Z] Checked if tokens are valid: true, expires at: 1767385544403
[debug] [2026-01-02T20:04:43.021Z] >>> [apiv2][query] GET https://runtimeconfig.googleapis.com/v1beta1/projects/urai-4dc1d/configs [none]
[debug] [2026-01-02T20:04:43.118Z] <<< [apiv2][status] GET https://runtimeconfig.googleapis.com/v1beta1/projects/urai-4dc1d/configs 200
[debug] [2026-01-02T20:04:43.118Z] <<< [apiv2][body] GET https://runtimeconfig.googleapis.com/v1beta1/projects/urai-4dc1d/configs {}
[debug] [2026-01-02T20:04:43.122Z] Validating nodejs source
[debug] [2026-01-02T20:04:43.984Z] > [functions] package.json contents: {
  "name": "functions",
  "version": "1.0.0",
  "main": "lib/index.js",
  "scripts": {
    "build": "tsc",
    "serve": "firebase emulators:start --only functions",
    "shell": "firebase functions:shell",
    "start": "npm run shell",
    "deploy": "firebase deploy --only functions",
    "logs": "firebase functions:log"
  },
  "dependencies": {
    "axios": "^1.6.2",
    "cors": "^2.8.5",
    "express": "^4.18.2",
    "firebase-admin": "^13.6.0",
    "firebase-functions": "^7.0.2"
  },
  "devDependencies": {
    "@types/axios": "^0.14.0",
    "@types/cors": "^2.8.13",
    "@types/express": "^4.17.17",
    "@types/node": "^20.0.0",
    "firebase-functions-test": "^3.0.0",
    "typescript": "^5.0.0"
  }
}
[debug] [2026-01-02T20:04:43.985Z] Building nodejs source
[info] i  functions: Loading and analyzing source code for codebase default to determine what to deploy 
[debug] [2026-01-02T20:04:43.988Z] Could not find functions.yaml. Must use http discovery
[debug] [2026-01-02T20:04:43.995Z] Found firebase-functions binary at '/home/user/urai-admin/functions/node_modules/.bin/firebase-functions'
[info] Serving at port 8586

[debug] [2026-01-02T20:04:44.593Z] Got response from /__/functions.yaml {"endpoints":{"api":{"availableMemoryMb":null,"timeoutSeconds":null,"minInstances":null,"maxInstances":null,"ingressSettings":null,"concurrency":null,"serviceAccountEmail":null,"vpc":null,"platform":"gcfv2","labels":{},"httpsTrigger":{},"entryPoint":"api"}},"specVersion":"v1alpha1","requiredAPIs":[],"extensions":{}}
[info] i  extensions: ensuring required API firebaseextensions.googleapis.com is enabled... 
[debug] [2026-01-02T20:04:44.637Z] > command requires scopes: ["email","openid","https://www.googleapis.com/auth/cloudplatformprojects.readonly","https://www.googleapis.com/auth/firebase","https://www.googleapis.com/auth/cloud-platform","https://www.googleapis.com/auth/userinfo.email"]
[debug] [2026-01-02T20:04:44.638Z] > authorizing via signed-in user (lifeloggerai@gmail.com)
[debug] [2026-01-02T20:04:44.638Z] [iam] checking project urai-4dc1d for permissions ["firebase.projects.get","firebaseextensions.instances.list"]
[debug] [2026-01-02T20:04:44.638Z] Checked if tokens are valid: true, expires at: 1767385544403
[debug] [2026-01-02T20:04:44.639Z] Checked if tokens are valid: true, expires at: 1767385544403
[debug] [2026-01-02T20:04:44.639Z] >>> [apiv2][query] POST https://cloudresourcemanager.googleapis.com/v1/projects/urai-4dc1d:testIamPermissions [none]
[debug] [2026-01-02T20:04:44.639Z] >>> [apiv2][(partial)header] POST https://cloudresourcemanager.googleapis.com/v1/projects/urai-4dc1d:testIamPermissions x-goog-quota-user=projects/urai-4dc1d
[debug] [2026-01-02T20:04:44.639Z] >>> [apiv2][body] POST https://cloudresourcemanager.googleapis.com/v1/projects/urai-4dc1d:testIamPermissions {"permissions":["firebase.projects.get","firebaseextensions.instances.list"]}
[debug] [2026-01-02T20:04:44.672Z] <<< [apiv2][status] POST https://cloudresourcemanager.googleapis.com/v1/projects/urai-4dc1d:testIamPermissions 200
[debug] [2026-01-02T20:04:44.672Z] <<< [apiv2][body] POST https://cloudresourcemanager.googleapis.com/v1/projects/urai-4dc1d:testIamPermissions {"permissions":["firebase.projects.get","firebaseextensions.instances.list"]}
[debug] [2026-01-02T20:04:44.673Z] Checked if tokens are valid: true, expires at: 1767385544403
[debug] [2026-01-02T20:04:44.673Z] Checked if tokens are valid: true, expires at: 1767385544403
[debug] [2026-01-02T20:04:44.674Z] >>> [apiv2][query] GET https://firebaseextensions.googleapis.com/v1beta/projects/urai-4dc1d/instances pageSize=100&pageToken=
[debug] [2026-01-02T20:04:44.773Z] <<< [apiv2][status] GET https://firebaseextensions.googleapis.com/v1beta/projects/urai-4dc1d/instances 200
[debug] [2026-01-02T20:04:44.774Z] <<< [apiv2][body] GET https://firebaseextensions.googleapis.com/v1beta/projects/urai-4dc1d/instances {}
[info] i  functions: preparing functions directory for uploading... 
[info] i  functions: packaged /home/user/urai-admin/functions (105.76 KB) for uploading 
[debug] [2026-01-02T20:04:45.026Z] Checked if tokens are valid: true, expires at: 1767385544403
[debug] [2026-01-02T20:04:45.026Z] Checked if tokens are valid: true, expires at: 1767385544403
[debug] [2026-01-02T20:04:45.026Z] >>> [apiv2][query] GET https://cloudfunctions.googleapis.com/v1/projects/urai-4dc1d/locations/-/functions [none]
[debug] [2026-01-02T20:04:45.394Z] <<< [apiv2][status] GET https://cloudfunctions.googleapis.com/v1/projects/urai-4dc1d/locations/-/functions 200
[debug] [2026-01-02T20:04:45.394Z] <<< [apiv2][body] GET https://cloudfunctions.googleapis.com/v1/projects/urai-4dc1d/locations/-/functions {"functions":[{"name":"projects/urai-4dc1d/locations/us-central1/functions/enforceRetention","eventTrigger":{"eventType":"google.pubsub.topic.publish","resource":"projects/urai-4dc1d/topics/firebase-schedule-enforceRetention-us-central1","service":"pubsub.googleapis.com","failurePolicy":{}},"status":"OFFLINE","entryPoint":"enforceRetention","timeout":"60s","availableMemoryMb":256,"serviceAccountEmail":"urai-4dc1d@appspot.gserviceaccount.com","updateTime":"2026-01-02T02:37:45.565019706Z","versionId":"4","labels":{"deployment-tool":"cli-firebase--project-idx","deployment-scheduled":"true","firebase-functions-hash":"87293b4a825dbb99d8b774bda2854a0a32c71aa7"},"sourceUploadUrl":"https://storage.googleapis.com/uploads-91678854864.us-central1.cloudfunctions.appspot.com/145d1dce-1c60-4804-9f64-7a0da92aabb8.zip","environmentVariables":{"FIREBASE_CONFIG":"{\"projectId\":\"urai-4dc1d\",\"databaseURL\":\"https://urai-4dc1d-default-rtdb.firebaseio.com\",\"storageBucket\":\"urai-4dc1d.firebasestorage.app\"}","GCLOUD_PROJECT":"urai-4dc1d","EVENTARC_CLOUD_EVENT_SOURCE":"projects/urai-4dc1d/locations/us-central1/functions/enforceRetention"},"runtime":"nodejs20","maxInstances":3000,"ingressSettings":"ALLOW_ALL","buildId":"11a6cb18-6200-4043-8d8d-fff96e8b0d29","buildEnvironmentVariables":{"GOOGLE_NODE_RUN_SCRIPTS":""},"buildName":"projects/952723774155/locations/us-central1/builds/11a6cb18-6200-4043-8d8d-fff96e8b0d29","dockerRegistry":"ARTIFACT_REGISTRY","automaticUpdatePolicy":{},"buildServiceAccount":"projects/urai-4dc1d/serviceAccounts/952723774155-compute@developer.gserviceaccount.com","satisfiesPzi":true}]}
[debug] [2026-01-02T20:04:45.396Z] Checked if tokens are valid: true, expires at: 1767385544403
[debug] [2026-01-02T20:04:45.396Z] Checked if tokens are valid: true, expires at: 1767385544403
[debug] [2026-01-02T20:04:45.397Z] >>> [apiv2][query] GET https://cloudfunctions.googleapis.com/v2/projects/urai-4dc1d/locations/-/functions filter=environment%3D%22GEN_2%22
[debug] [2026-01-02T20:04:45.725Z] <<< [apiv2][status] GET https://cloudfunctions.googleapis.com/v2/projects/urai-4dc1d/locations/-/functions 200
[debug] [2026-01-02T20:04:45.726Z] <<< [apiv2][body] GET https://cloudfunctions.googleapis.com/v2/projects/urai-4dc1d/locations/-/functions {"functions":[{"name":"projects/urai-4dc1d/locations/us-central1/functions/transcribe","buildConfig":{"build":"projects/952723774155/locations/us-central1/builds/70f01185-ec3c-4562-b761-6ecbf005a930","runtime":"nodejs20","entryPoint":"transcribe","source":{"storageSource":{"bucket":"gcf-v2-sources-952723774155-us-central1","object":"transcribe/function-source.zip","generation":"1758608450631478"}},"environmentVariables":{"GOOGLE_NODE_RUN_SCRIPTS":""},"dockerRepository":"projects/urai-4dc1d/locations/us-central1/repositories/gcf-artifacts","sourceProvenance":{"resolvedStorageSource":{"bucket":"gcf-v2-sources-952723774155-us-central1","object":"transcribe/function-source.zip","generation":"1758608450631478"}},"dockerRegistry":"ARTIFACT_REGISTRY","serviceAccount":"projects/urai-4dc1d/serviceAccounts/952723774155-compute@developer.gserviceaccount.com","automaticUpdatePolicy":{}},"state":"FAILED","updateTime":"2025-09-23T06:21:20.127654839Z","labels":{"firebase-functions-hash":"a1e66957b56587afc39a35ae4e193d402e584cfa","deployment-tool":"cli-firebase--project-idx"},"stateMessages":[{"severity":"ERROR","type":"CloudRunServiceNotFound","message":"Cloud Run service projects/urai-4dc1d/locations/us-central1/services/transcribe for the function was not found. The function will not work correctly. Please redeploy."},{"severity":"ERROR","type":"EventarcTriggerNotFound","message":"Eventarc trigger projects/urai-4dc1d/locations/us-central1/triggers/transcribe-966931 for the function was not found. The function may not work correctly. Please redeploy."}],"environment":"GEN_2","url":"https://us-central1-urai-4dc1d.cloudfunctions.net/transcribe","createTime":"2025-09-23T06:20:51.436986066Z","satisfiesPzi":true},{"name":"projects/urai-4dc1d/locations/us-central1/functions/rebuildForecast","buildConfig":{"build":"projects/952723774155/locations/us-central1/builds/3630a3f6-51fe-4c9a-a0e6-fd6904717150","runtime":"nodejs20","entryPoint":"rebuildForecast","source":{"storageSource":{"bucket":"gcf-v2-sources-952723774155-us-central1","object":"rebuildForecast/function-source.zip","generation":"1758608653878538"}},"environmentVariables":{"GOOGLE_NODE_RUN_SCRIPTS":""},"dockerRepository":"projects/urai-4dc1d/locations/us-central1/repositories/gcf-artifacts","sourceProvenance":{"resolvedStorageSource":{"bucket":"gcf-v2-sources-952723774155-us-central1","object":"rebuildForecast/function-source.zip","generation":"1758608653878538"}},"dockerRegistry":"ARTIFACT_REGISTRY","serviceAccount":"projects/urai-4dc1d/serviceAccounts/952723774155-compute@developer.gserviceaccount.com","automaticUpdatePolicy":{}},"state":"UNKNOWN","updateTime":"2025-09-24T03:23:07.859378002Z","labels":{"deployment-tool":"cli-firebase--project-idx","deployment-scheduled":"true","firebase-functions-hash":"b9208ec5858f12a5cc230e7b5da13fe5d40d8fdf"},"stateMessages":[{"severity":"ERROR","type":"CloudRunServiceNotFound","message":"Cloud Run service projects/urai-4dc1d/locations/us-central1/services/rebuildforecast for the function was not found. The function will not work correctly. Please redeploy."}],"environment":"GEN_2","url":"https://us-central1-urai-4dc1d.cloudfunctions.net/rebuildForecast","createTime":"2025-09-23T06:24:14.142604340Z","satisfiesPzi":true},{"name":"projects/urai-4dc1d/locations/us-central1/functions/seedSampleData","buildConfig":{"build":"projects/952723774155/locations/us-central1/builds/a1f398eb-28db-477b-be56-dc2db5aa4297","runtime":"nodejs20","entryPoint":"seedSampleData","source":{"storageSource":{"bucket":"gcf-v2-sources-952723774155-us-central1","object":"seedSampleData/function-source.zip","generation":"1762579814603107"}},"environmentVariables":{"GOOGLE_NODE_RUN_SCRIPTS":""},"dockerRepository":"projects/urai-4dc1d/locations/us-central1/repositories/gcf-artifacts","sourceProvenance":{"resolvedStorageSource":{"bucket":"gcf-v2-sources-952723774155-us-central1","object":"seedSampleData/function-source.zip","generation":"1762579814603107"}},"dockerRegistry":"ARTIFACT_REGISTRY","serviceAccount":"projects/urai-4dc1d/serviceAccounts/952723774155-compute@developer.gserviceaccount.com","automaticUpdatePolicy":{}},"state":"FAILED","updateTime":"2025-11-08T05:30:40.660590066Z","labels":{"deployment-callable":"true","firebase-functions-hash":"1cc075e6c56ff13f5bc895029b62a417f6157808","deployment-tool":"cli-firebase--project-idx"},"stateMessages":[{"severity":"ERROR","type":"CloudRunServiceNotFound","message":"Cloud Run service projects/urai-4dc1d/locations/us-central1/services/seedsampledata for the function was not found. The function will not work correctly. Please redeploy."}],"environment":"GEN_2","url":"https://us-central1-urai-4dc1d.cloudfunctions.net/seedSampleData","createTime":"2025-11-08T05:30:14.843240999Z","satisfiesPzi":true},{"name":"projects/urai-4dc1d/locations/us-central1/functions/ssrurai4dc1d","buildConfig":{"build":"projects/952723774155/locations/us-central1/builds/0affb8bf-0a2f-4201-8b34-a8f230f8794f","runtime":"nodejs20","entryPoint":"ssrurai4dc1d","source":{"storageSource":{"bucket":"gcf-v2-sources-952723774155-us-central1","object":"ssrurai4dc1d/function-source.zip","generation":"1755186911750834"}},"environmentVariables":{"GOOGLE_NODE_RUN_SCRIPTS":""},"dockerRepository":"projects/urai-4dc1d/locations/us-central1/repositories/gcf-artifacts","sourceProvenance":{"resolvedStorageSource":{"bucket":"gcf-v2-sources-952723774155-us-central1","object":"ssrurai4dc1d/function-source.zip","generation":"1755186911750834"}},"dockerRegistry":"ARTIFACT_REGISTRY","serviceAccount":"projects/urai-4dc1d/serviceAccounts/952723774155-compute@developer.gserviceaccount.com","automaticUpdatePolicy":{}},"state":"UNKNOWN","updateTime":"2025-11-08T05:30:36.321524972Z","labels":{"firebase-functions-codebase":"firebase-frameworks-urai-4dc1d","firebase-functions-hash":"e09d3c5443abf452e4dc69b47fc03ef7a140c739","deployment-tool":"cli-firebase--project-idx"},"stateMessages":[{"severity":"ERROR","type":"CloudRunServiceNotFound","message":"Cloud Run service projects/urai-4dc1d/locations/us-central1/services/ssrurai4dc1d for the function was not found. The function will not work correctly. Please redeploy."}],"environment":"GEN_2","url":"https://us-central1-urai-4dc1d.cloudfunctions.net/ssrurai4dc1d","createTime":"2025-08-14T15:55:12.099603913Z","satisfiesPzi":true},{"name":"projects/urai-4dc1d/locations/us-central1/functions/api","buildConfig":{"build":"projects/952723774155/locations/us-central1/builds/7088739e-7459-47fd-80e3-03e682f43534","runtime":"nodejs20","entryPoint":"api","source":{"storageSource":{"bucket":"gcf-v2-sources-952723774155-us-central1","object":"api/function-source.zip","generation":"1767378471082241"}},"environmentVariables":{"GOOGLE_NODE_RUN_SCRIPTS":""},"dockerRepository":"projects/urai-4dc1d/locations/us-central1/repositories/gcf-artifacts","sourceProvenance":{"resolvedStorageSource":{"bucket":"gcf-v2-sources-952723774155-us-central1","object":"api/function-source.zip","generation":"1767378471082241"}},"dockerRegistry":"ARTIFACT_REGISTRY","serviceAccount":"projects/urai-4dc1d/serviceAccounts/952723774155-compute@developer.gserviceaccount.com","automaticUpdatePolicy":{}},"state":"UNKNOWN","updateTime":"2026-01-02T20:02:37.317106970Z","labels":{"deployment-tool":"cli-firebase--project-idx","firebase-functions-hash":"12044b1b2bfbd8f9c18ec5a123cbfd1446cfe227"},"stateMessages":[{"severity":"ERROR","type":"CloudRunServiceNotFound","message":"Cloud Run service projects/urai-4dc1d/locations/us-central1/services/api for the function was not found. The function will not work correctly. Please redeploy."}],"environment":"GEN_2","url":"https://us-central1-urai-4dc1d.cloudfunctions.net/api","createTime":"2026-01-02T18:27:51.345198612Z","satisfiesPzi":true},{"name":"projects/urai-4dc1d/locations/us-central1/functions/nextApp","buildConfig":{"build":"projects/952723774155/locations/us-central1/builds/74ef378e-91cc-4f66-b0b4-56099a7ee59d","runtime":"nodejs20","entryPoint":"nextApp","source":{"storageSource":{"bucket":"gcf-v2-sources-952723774155-us-central1","object":"nextApp/function-source.zip","generation":"1758452559675556"}},"environmentVariables":{"GOOGLE_NODE_RUN_SCRIPTS":""},"dockerRepository":"projects/urai-4dc1d/locations/us-central1/repositories/gcf-artifacts","sourceProvenance":{"resolvedStorageSource":{"bucket":"gcf-v2-sources-952723774155-us-central1","object":"nextApp/function-source.zip","generation":"1758452559675556"}},"dockerRegistry":"ARTIFACT_REGISTRY","serviceAccount":"projects/urai-4dc1d/serviceAccounts/952723774155-compute@developer.gserviceaccount.com","automaticUpdatePolicy":{}},"state":"FAILED","updateTime":"2025-09-21T11:03:06.746234065Z","labels":{"deployment-tool":"cli-firebase--project-idx","firebase-functions-hash":"d8eab8c5e2b70bc7553a3b92aea2d66f755c9c47"},"stateMessages":[{"severity":"ERROR","type":"CloudRunServiceNotFound","message":"Cloud Run service projects/urai-4dc1d/locations/us-central1/services/nextapp for the function was not found. The function will not work correctly. Please redeploy."}],"environment":"GEN_2","url":"https://us-central1-urai-4dc1d.cloudfunctions.net/nextApp","createTime":"2025-09-21T11:02:39.889397691Z","satisfiesPzi":true}]}
[info] i  functions: ensuring required API run.googleapis.com is enabled... 
[info] i  functions: ensuring required API eventarc.googleapis.com is enabled... 
[info] i  functions: ensuring required API pubsub.googleapis.com is enabled... 
[info] i  functions: ensuring required API storage.googleapis.com is enabled... 
[info] i  functions: generating the service identity for pubsub.googleapis.com... 
[debug] [2026-01-02T20:04:45.734Z] Checked if tokens are valid: true, expires at: 1767385544403
[debug] [2026-01-02T20:04:45.734Z] Checked if tokens are valid: true, expires at: 1767385544403
[info] i  functions: generating the service identity for eventarc.googleapis.com... 
[debug] [2026-01-02T20:04:45.734Z] Checked if tokens are valid: true, expires at: 1767385544403
[debug] [2026-01-02T20:04:45.734Z] Checked if tokens are valid: true, expires at: 1767385544403
[debug] [2026-01-02T20:04:45.735Z] >>> [apiv2][query] POST https://serviceusage.googleapis.com/v1beta1/projects/952723774155/services/pubsub.googleapis.com:generateServiceIdentity [none]
[debug] [2026-01-02T20:04:45.735Z] >>> [apiv2][(partial)header] POST https://serviceusage.googleapis.com/v1beta1/projects/952723774155/services/pubsub.googleapis.com:generateServiceIdentity x-goog-quota-user=projects/952723774155
[debug] [2026-01-02T20:04:45.735Z] >>> [apiv2][body] POST https://serviceusage.googleapis.com/v1beta1/projects/952723774155/services/pubsub.googleapis.com:generateServiceIdentity {}
[debug] [2026-01-02T20:04:45.736Z] >>> [apiv2][query] POST https://serviceusage.googleapis.com/v1beta1/projects/952723774155/services/eventarc.googleapis.com:generateServiceIdentity [none]
[debug] [2026-01-02T20:04:45.736Z] >>> [apiv2][(partial)header] POST https://serviceusage.googleapis.com/v1beta1/projects/952723774155/services/eventarc.googleapis.com:generateServiceIdentity x-goog-quota-user=projects/952723774155
[debug] [2026-01-02T20:04:45.736Z] >>> [apiv2][body] POST https://serviceusage.googleapis.com/v1beta1/projects/952723774155/services/eventarc.googleapis.com:generateServiceIdentity {}
[debug] [2026-01-02T20:04:45.865Z] <<< [apiv2][status] POST https://serviceusage.googleapis.com/v1beta1/projects/952723774155/services/eventarc.googleapis.com:generateServiceIdentity 200
[debug] [2026-01-02T20:04:45.865Z] <<< [apiv2][body] POST https://serviceusage.googleapis.com/v1beta1/projects/952723774155/services/eventarc.googleapis.com:generateServiceIdentity {"name":"operations/finished.DONE_OPERATION","done":true,"response":{"@type":"type.googleapis.com/google.api.serviceusage.v1beta1.ServiceIdentity","email":"service-952723774155@gcp-sa-eventarc.iam.gserviceaccount.com","uniqueId":"100985976378545559079"}}
[debug] [2026-01-02T20:04:45.933Z] <<< [apiv2][status] POST https://serviceusage.googleapis.com/v1beta1/projects/952723774155/services/pubsub.googleapis.com:generateServiceIdentity 200
[debug] [2026-01-02T20:04:45.933Z] <<< [apiv2][body] POST https://serviceusage.googleapis.com/v1beta1/projects/952723774155/services/pubsub.googleapis.com:generateServiceIdentity {"name":"operations/finished.DONE_OPERATION","done":true,"response":{"@type":"type.googleapis.com/google.api.serviceusage.v1beta1.ServiceIdentity","email":"service-952723774155@gcp-sa-pubsub.iam.gserviceaccount.com","uniqueId":"112223697381692585933"}}
[debug] [2026-01-02T20:04:45.938Z] Checked if tokens are valid: true, expires at: 1767385544403
[debug] [2026-01-02T20:04:45.938Z] Checked if tokens are valid: true, expires at: 1767385544403
[debug] [2026-01-02T20:04:45.938Z] >>> [apiv2][query] GET https://cloudresourcemanager.googleapis.com/v1/projects/urai-4dc1d [none]
[debug] [2026-01-02T20:04:45.975Z] <<< [apiv2][status] GET https://cloudresourcemanager.googleapis.com/v1/projects/urai-4dc1d 200
[debug] [2026-01-02T20:04:45.975Z] <<< [apiv2][body] GET https://cloudresourcemanager.googleapis.com/v1/projects/urai-4dc1d {"projectNumber":"952723774155","projectId":"urai-4dc1d","lifecycleState":"ACTIVE","name":"urai-web-prod","labels":{"firebase":"enabled","firebase-core":"disabled","generative-language":"enabled"},"createTime":"2025-08-09T04:04:38.137516Z"}
[debug] [2026-01-02T20:04:45.975Z] Checked if tokens are valid: true, expires at: 1767385544403
[debug] [2026-01-02T20:04:45.975Z] Checked if tokens are valid: true, expires at: 1767385544403
[debug] [2026-01-02T20:04:45.976Z] >>> [apiv2][query] GET https://compute.googleapis.com/compute/v1/projects/952723774155 [none]
[debug] [2026-01-02T20:04:46.157Z] <<< [apiv2][status] GET https://compute.googleapis.com/compute/v1/projects/952723774155 200
[debug] [2026-01-02T20:04:46.157Z] <<< [apiv2][body] GET https://compute.googleapis.com/compute/v1/projects/952723774155 {"kind":"compute#project","id":"1636108893284060099","creationTimestamp":"2025-08-16T05:10:21.034-07:00","name":"urai-4dc1d","commonInstanceMetadata":{"kind":"compute#metadata","fingerprint":"rFMYIRo72f0="},"quotas":[{"metric":"SNAPSHOTS","limit":1000,"usage":0},{"metric":"NETWORKS","limit":5,"usage":1},{"metric":"FIREWALLS","limit":100,"usage":4},{"metric":"IMAGES","limit":100,"usage":0},{"metric":"STATIC_ADDRESSES","limit":8,"usage":0},{"metric":"ROUTES","limit":200,"usage":0},{"metric":"FORWARDING_RULES","limit":15,"usage":0},{"metric":"TARGET_POOLS","limit":50,"usage":0},{"metric":"HEALTH_CHECKS","limit":75,"usage":0},{"metric":"IN_USE_ADDRESSES","limit":8,"usage":0},{"metric":"TARGET_INSTANCES","limit":50,"usage":0},{"metric":"TARGET_HTTP_PROXIES","limit":10,"usage":0},{"metric":"URL_MAPS","limit":10,"usage":0},{"metric":"BACKEND_SERVICES","limit":50,"usage":0},{"metric":"INSTANCE_TEMPLATES","limit":100,"usage":0},{"metric":"TARGET_VPN_GATEWAYS","limit":5,"usage":0},{"metric":"VPN_TUNNELS","limit":10,"usage":0},{"metric":"BACKEND_BUCKETS","limit":3,"usage":0},{"metric":"ROUTERS","limit":10,"usage":0},{"metric":"TARGET_SSL_PROXIES","limit":10,"usage":0},{"metric":"TARGET_HTTPS_PROXIES","limit":10,"usage":0},{"metric":"SSL_CERTIFICATES","limit":10,"usage":0},{"metric":"SUBNETWORKS","limit":100,"usage":0},{"metric":"TARGET_TCP_PROXIES","limit":10,"usage":0},{"metric":"CPUS_ALL_REGIONS","limit":32,"usage":0},{"metric":"SECURITY_POLICIES","limit":10,"usage":0},{"metric":"SECURITY_POLICY_RULES","limit":100,"usage":0},{"metric":"XPN_SERVICE_PROJECTS","limit":1000,"usage":0},{"metric":"PACKET_MIRRORINGS","limit":20,"usage":0},{"metric":"NETWORK_ENDPOINT_GROUPS","limit":100,"usage":0},{"metric":"INTERCONNECTS","limit":6,"usage":0},{"metric":"SSL_POLICIES","limit":10,"usage":0},{"metric":"GLOBAL_INTERNAL_ADDRESSES","limit":5000,"usage":0},{"metric":"VPN_GATEWAYS","limit":5,"usage":0},{"metric":"MACHINE_IMAGES","limit":100,"usage":0},{"metric":"SECURITY_POLICY_CEVAL_RULES","limit":20,"usage":0},{"metric":"GPUS_ALL_REGIONS","limit":0,"usage":0},{"metric":"EXTERNAL_VPN_GATEWAYS","limit":5,"usage":0},{"metric":"PUBLIC_ADVERTISED_PREFIXES","limit":1,"usage":0},{"metric":"PUBLIC_DELEGATED_PREFIXES","limit":10,"usage":0},{"metric":"STATIC_BYOIP_ADDRESSES","limit":128,"usage":0},{"metric":"NETWORK_FIREWALL_POLICIES","limit":10,"usage":0},{"metric":"INTERNAL_TRAFFIC_DIRECTOR_FORWARDING_RULES","limit":15,"usage":0},{"metric":"GLOBAL_EXTERNAL_MANAGED_FORWARDING_RULES","limit":15,"usage":0},{"metric":"GLOBAL_INTERNAL_MANAGED_BACKEND_SERVICES","limit":50,"usage":0},{"metric":"GLOBAL_EXTERNAL_MANAGED_BACKEND_SERVICES","limit":50,"usage":0},{"metric":"GLOBAL_EXTERNAL_PROXY_LB_BACKEND_SERVICES","limit":50,"usage":0},{"metric":"GLOBAL_INTERNAL_TRAFFIC_DIRECTOR_BACKEND_SERVICES","limit":250,"usage":0}],"selfLink":"https://www.googleapis.com/compute/v1/projects/urai-4dc1d","defaultServiceAccount":"952723774155-compute@developer.gserviceaccount.com","xpnProjectStatus":"UNSPECIFIED_XPN_PROJECT_STATUS","defaultNetworkTier":"PREMIUM","vmDnsSetting":"ZONAL_ONLY","cloudArmorTier":"CA_STANDARD"}
[debug] [2026-01-02T20:04:46.159Z] Checked if tokens are valid: true, expires at: 1767385544403
[debug] [2026-01-02T20:04:46.159Z] Checked if tokens are valid: true, expires at: 1767385544403
[debug] [2026-01-02T20:04:46.159Z] >>> [apiv2][query] GET https://cloudbilling.googleapis.com/v1/projects/urai-4dc1d/billingInfo [none]
[debug] [2026-01-02T20:04:46.228Z] <<< [apiv2][status] GET https://cloudbilling.googleapis.com/v1/projects/urai-4dc1d/billingInfo 200
[debug] [2026-01-02T20:04:46.229Z] <<< [apiv2][body] GET https://cloudbilling.googleapis.com/v1/projects/urai-4dc1d/billingInfo {"name":"projects/urai-4dc1d/billingInfo","projectId":"urai-4dc1d","billingAccountName":"billingAccounts/01658C-276DBD-3AFA5D","billingEnabled":true}
[debug] [2026-01-02T20:04:46.231Z] Checked if tokens are valid: true, expires at: 1767385544403
[debug] [2026-01-02T20:04:46.232Z] Checked if tokens are valid: true, expires at: 1767385544403
[debug] [2026-01-02T20:04:46.232Z] >>> [apiv2][query] POST https://cloudfunctions.googleapis.com/v2/projects/urai-4dc1d/locations/us-central1/functions:generateUploadUrl [none]
[debug] [2026-01-02T20:04:46.332Z] <<< [apiv2][status] POST https://cloudfunctions.googleapis.com/v2/projects/urai-4dc1d/locations/us-central1/functions:generateUploadUrl 200
[debug] [2026-01-02T20:04:46.333Z] <<< [apiv2][body] POST https://cloudfunctions.googleapis.com/v2/projects/urai-4dc1d/locations/us-central1/functions:generateUploadUrl {"uploadUrl":"https://storage.googleapis.com/gcf-v2-uploads-952723774155.us-central1.cloudfunctions.appspot.com/12a67ac6-080a-4844-9a04-67b35f8b5d8a.zip?GoogleAccessId=service-952723774155@gcf-admin-robot.iam.gserviceaccount.com&Expires=1767386086&Signature=KfXE3ZaUohAvcAmrJVwNAKaDXaIflgH8yyOxw2lhEbx47Pd1waBIvrRA7aq%2Ba5kF%2BODpPvPfTEXZhZ2HFYXPYU8Dy977m6eh8OcU3pcV%2BWdmt4UFibutw5kJh4kKrWS0cngjw%2F2dDMmxOyQACcEhBlMOEsnXcQsCEGMC0qLtit2tH6XHkI1MHisZ0zSSki99JJt7aGzIpzRZQXUvwH%2F2i%2FHkcriPldXn4HAJE3hGcDJt08cjCPx898VVeRPNlnfS%2F85wN%2BX%2FZm%2BZogwkMVoKX9pQTeCbkW%2BPE7UP1MyRrKtBADBowfqXQIRTkXTgpSR9%2FGSx2WlgRhAkBS9OzHgJCg%3D%3D","storageSource":{"bucket":"gcf-v2-uploads-952723774155.us-central1.cloudfunctions.appspot.com","object":"12a67ac6-080a-4844-9a04-67b35f8b5d8a.zip"}}
[debug] [2026-01-02T20:04:46.344Z] >>> [apiv2][query] PUT https://storage.googleapis.com/gcf-v2-uploads-952723774155.us-central1.cloudfunctions.appspot.com/12a67ac6-080a-4844-9a04-67b35f8b5d8a.zip GoogleAccessId=service-952723774155%40gcf-admin-robot.iam.gserviceaccount.com&Expires=1767386086&Signature=KfXE3ZaUohAvcAmrJVwNAKaDXaIflgH8yyOxw2lhEbx47Pd1waBIvrRA7aq%2Ba5kF%2BODpPvPfTEXZhZ2HFYXPYU8Dy977m6eh8OcU3pcV%2BWdmt4UFibutw5kJh4kKrWS0cngjw%2F2dDMmxOyQACcEhBlMOEsnXcQsCEGMC0qLtit2tH6XHkI1MHisZ0zSSki99JJt7aGzIpzRZQXUvwH%2F2i%2FHkcriPldXn4HAJE3hGcDJt08cjCPx898VVeRPNlnfS%2F85wN%2BX%2FZm%2BZogwkMVoKX9pQTeCbkW%2BPE7UP1MyRrKtBADBowfqXQIRTkXTgpSR9%2FGSx2WlgRhAkBS9OzHgJCg%3D%3D
[debug] [2026-01-02T20:04:46.345Z] >>> [apiv2][body] PUT https://storage.googleapis.com/gcf-v2-uploads-952723774155.us-central1.cloudfunctions.appspot.com/12a67ac6-080a-4844-9a04-67b35f8b5d8a.zip [stream]
[debug] [2026-01-02T20:04:46.473Z] <<< [apiv2][status] PUT https://storage.googleapis.com/gcf-v2-uploads-952723774155.us-central1.cloudfunctions.appspot.com/12a67ac6-080a-4844-9a04-67b35f8b5d8a.zip 200
[debug] [2026-01-02T20:04:46.474Z] <<< [apiv2][body] PUT https://storage.googleapis.com/gcf-v2-uploads-952723774155.us-central1.cloudfunctions.appspot.com/12a67ac6-080a-4844-9a04-67b35f8b5d8a.zip [omitted]
[info] ✔  functions: functions source uploaded successfully 
[info] i  functions: updating Node.js 20 (2nd Gen) function api(us-central1)... 
[debug] [2026-01-02T20:04:46.493Z] Checked if tokens are valid: true, expires at: 1767385544403
[debug] [2026-01-02T20:04:46.493Z] Checked if tokens are valid: true, expires at: 1767385544403
[debug] [2026-01-02T20:04:46.494Z] >>> [apiv2][query] PATCH https://cloudfunctions.googleapis.com/v2/projects/urai-4dc1d/locations/us-central1/functions/api updateMask=name%2CbuildConfig.runtime%2CbuildConfig.entryPoint%2CbuildConfig.source.storageSource.bucket%2CbuildConfig.source.storageSource.object%2CbuildConfig.environmentVariables%2CbuildConfig.sourceToken%2CserviceConfig.environmentVariables%2CserviceConfig.ingressSettings%2CserviceConfig.timeoutSeconds%2CserviceConfig.serviceAccountEmail%2CserviceConfig.availableMemory%2CserviceConfig.minInstanceCount%2CserviceConfig.maxInstanceCount%2CserviceConfig.maxInstanceRequestConcurrency%2CserviceConfig.availableCpu%2CserviceConfig.vpcConnector%2CserviceConfig.vpcConnectorEgressSettings%2Clabels
[debug] [2026-01-02T20:04:46.494Z] >>> [apiv2][body] PATCH https://cloudfunctions.googleapis.com/v2/projects/urai-4dc1d/locations/us-central1/functions/api {"name":"projects/urai-4dc1d/locations/us-central1/functions/api","buildConfig":{"runtime":"nodejs20","entryPoint":"api","source":{"storageSource":{"bucket":"gcf-v2-uploads-952723774155.us-central1.cloudfunctions.appspot.com","object":"12a67ac6-080a-4844-9a04-67b35f8b5d8a.zip"}},"environmentVariables":{"GOOGLE_NODE_RUN_SCRIPTS":""}},"serviceConfig":{"environmentVariables":{"FIREBASE_CONFIG":"{\"projectId\":\"urai-4dc1d\",\"databaseURL\":\"https://urai-4dc1d-default-rtdb.firebaseio.com\",\"storageBucket\":\"urai-4dc1d.firebasestorage.app\"}","GCLOUD_PROJECT":"urai-4dc1d","EVENTARC_CLOUD_EVENT_SOURCE":"projects/urai-4dc1d/locations/us-central1/services/api","FUNCTION_TARGET":"api","LOG_EXECUTION_ID":"true"},"ingressSettings":null,"timeoutSeconds":null,"serviceAccountEmail":null,"availableMemory":"256Mi","minInstanceCount":null,"maxInstanceCount":null,"maxInstanceRequestConcurrency":80,"availableCpu":"1","vpcConnector":null,"vpcConnectorEgressSettings":null},"labels":{"deployment-tool":"cli-firebase--project-idx","firebase-functions-hash":"2e1a9a9c56668298705fa8ea72e541ae121f951a"}}
[debug] [2026-01-02T20:04:47.213Z] <<< [apiv2][status] PATCH https://cloudfunctions.googleapis.com/v2/projects/urai-4dc1d/locations/us-central1/functions/api 200
[debug] [2026-01-02T20:04:47.213Z] <<< [apiv2][body] PATCH https://cloudfunctions.googleapis.com/v2/projects/urai-4dc1d/locations/us-central1/functions/api {"name":"projects/urai-4dc1d/locations/us-central1/operations/operation-1767384286528-6476d38948370-d8a0a372-b0a91737","metadata":{"@type":"type.googleapis.com/google.cloud.functions.v2.OperationMetadata","createTime":"2026-01-02T20:04:47.196340288Z","target":"projects/urai-4dc1d/locations/us-central1/functions/api","verb":"update","cancelRequested":false,"apiVersion":"v2"},"done":false}
[debug] [2026-01-02T20:04:47.215Z] Checked if tokens are valid: true, expires at: 1767385544403
[debug] [2026-01-02T20:04:47.215Z] Checked if tokens are valid: true, expires at: 1767385544403
[debug] [2026-01-02T20:04:47.219Z] >>> [apiv2][query] GET https://cloudfunctions.googleapis.com/v2/projects/urai-4dc1d/locations/us-central1/operations/operation-1767384286528-6476d38948370-d8a0a372-b0a91737 [none]
[debug] [2026-01-02T20:04:47.266Z] <<< [apiv2][status] GET https://cloudfunctions.googleapis.com/v2/projects/urai-4dc1d/locations/us-central1/operations/operation-1767384286528-6476d38948370-d8a0a372-b0a91737 200
[debug] [2026-01-02T20:04:47.266Z] <<< [apiv2][body] GET https://cloudfunctions.googleapis.com/v2/projects/urai-4dc1d/locations/us-central1/operations/operation-1767384286528-6476d38948370-d8a0a372-b0a91737 {"name":"projects/urai-4dc1d/locations/us-central1/operations/operation-1767384286528-6476d38948370-d8a0a372-b0a91737","metadata":{"@type":"type.googleapis.com/google.cloud.functions.v2.OperationMetadata","createTime":"2026-01-02T20:04:47.196340288Z","target":"projects/urai-4dc1d/locations/us-central1/functions/api","verb":"update","cancelRequested":false,"apiVersion":"v2"},"done":false}
[debug] [2026-01-02T20:04:47.766Z] [update-default-us-central1-api] Retrying task index 0
[debug] [2026-01-02T20:04:47.767Z] Checked if tokens are valid: true, expires at: 1767385544403
[debug] [2026-01-02T20:04:47.767Z] Checked if tokens are valid: true, expires at: 1767385544403
[debug] [2026-01-02T20:04:47.767Z] >>> [apiv2][query] GET https://cloudfunctions.googleapis.com/v2/projects/urai-4dc1d/locations/us-central1/operations/operation-1767384286528-6476d38948370-d8a0a372-b0a91737 [none]
[debug] [2026-01-02T20:04:47.787Z] <<< [apiv2][status] GET https://cloudfunctions.googleapis.com/v2/projects/urai-4dc1d/locations/us-central1/operations/operation-1767384286528-6476d38948370-d8a0a372-b0a91737 200
[debug] [2026-01-02T20:04:47.787Z] <<< [apiv2][body] GET https://cloudfunctions.googleapis.com/v2/projects/urai-4dc1d/locations/us-central1/operations/operation-1767384286528-6476d38948370-d8a0a372-b0a91737 {"name":"projects/urai-4dc1d/locations/us-central1/operations/operation-1767384286528-6476d38948370-d8a0a372-b0a91737","metadata":{"@type":"type.googleapis.com/google.cloud.functions.v2.OperationMetadata","createTime":"2026-01-02T20:04:47.196340288Z","target":"projects/urai-4dc1d/locations/us-central1/functions/api","verb":"update","cancelRequested":false,"apiVersion":"v2","requestResource":{"@type":"type.googleapis.com/google.cloud.functions.v2.Function","name":"projects/urai-4dc1d/locations/us-central1/functions/api","buildConfig":{"runtime":"nodejs20","entryPoint":"api","source":{"storageSource":{"bucket":"gcf-v2-sources-952723774155-us-central1","object":"api/function-source.zip","generation":"1767384287151674"}},"environmentVariables":{"GOOGLE_NODE_RUN_SCRIPTS":""},"dockerRepository":"projects/urai-4dc1d/locations/us-central1/repositories/gcf-artifacts","sourceProvenance":{"resolvedStorageSource":{"bucket":"gcf-v2-sources-952723774155-us-central1","object":"api/function-source.zip","generation":"1767378471082241"}},"dockerRegistry":"ARTIFACT_REGISTRY","serviceAccount":"projects/urai-4dc1d/serviceAccounts/952723774155-compute@developer.gserviceaccount.com","automaticUpdatePolicy":{}},"serviceConfig":{"service":"projects/urai-4dc1d/locations/us-central1/services/api","timeoutSeconds":60,"environmentVariables":{"FIREBASE_CONFIG":"{\"projectId\":\"urai-4dc1d\",\"databaseURL\":\"https://urai-4dc1d-default-rtdb.firebaseio.com\",\"storageBucket\":\"urai-4dc1d.firebasestorage.app\"}","GCLOUD_PROJECT":"urai-4dc1d","EVENTARC_CLOUD_EVENT_SOURCE":"projects/urai-4dc1d/locations/us-central1/services/api","FUNCTION_TARGET":"api","LOG_EXECUTION_ID":"true"},"ingressSettings":"ALLOW_ALL","serviceAccountEmail":"952723774155-compute@developer.gserviceaccount.com","availableMemory":"256Mi","maxInstanceRequestConcurrency":80,"availableCpu":"1"},"state":"UNKNOWN","labels":{"firebase-functions-hash":"2e1a9a9c56668298705fa8ea72e541ae121f951a"},"stateMessages":[{"severity":"ERROR","type":"CloudRunServiceNotFound","message":"Cloud Run service projects/urai-4dc1d/locations/us-central1/services/api for the function was not found. The function will not work correctly. Please redeploy."}],"environment":"GEN_2","url":"https://us-central1-urai-4dc1d.cloudfunctions.net/api","satisfiesPzi":true},"stages":[{"name":"BUILD","state":"NOT_STARTED"},{"name":"SERVICE","state":"NOT_STARTED"}],"operationType":"UPDATE_FUNCTION"},"done":false}
[debug] [2026-01-02T20:04:48.789Z] [update-default-us-central1-api] Retrying task index 0
[debug] [2026-01-02T20:04:48.789Z] Checked if tokens are valid: true, expires at: 1767385544403
[debug] [2026-01-02T20:04:48.790Z] Checked if tokens are valid: true, expires at: 1767385544403
[debug] [2026-01-02T20:04:48.790Z] >>> [apiv2][query] GET https://cloudfunctions.googleapis.com/v2/projects/urai-4dc1d/locations/us-central1/operations/operation-1767384286528-6476d38948370-d8a0a372-b0a91737 [none]
[debug] [2026-01-02T20:04:48.831Z] <<< [apiv2][status] GET https://cloudfunctions.googleapis.com/v2/projects/urai-4dc1d/locations/us-central1/operations/operation-1767384286528-6476d38948370-d8a0a372-b0a91737 200
[debug] [2026-01-02T20:04:48.831Z] <<< [apiv2][body] GET https://cloudfunctions.googleapis.com/v2/projects/urai-4dc1d/locations/us-central1/operations/operation-1767384286528-6476d38948370-d8a0a372-b0a91737 {"name":"projects/urai-4dc1d/locations/us-central1/operations/operation-1767384286528-6476d38948370-d8a0a372-b0a91737","metadata":{"@type":"type.googleapis.com/google.cloud.functions.v2.OperationMetadata","createTime":"2026-01-02T20:04:47.196340288Z","target":"projects/urai-4dc1d/locations/us-central1/functions/api","verb":"update","cancelRequested":false,"apiVersion":"v2","requestResource":{"@type":"type.googleapis.com/google.cloud.functions.v2.Function","name":"projects/urai-4dc1d/locations/us-central1/functions/api","buildConfig":{"runtime":"nodejs20","entryPoint":"api","source":{"storageSource":{"bucket":"gcf-v2-sources-952723774155-us-central1","object":"api/function-source.zip","generation":"1767384287151674"}},"environmentVariables":{"GOOGLE_NODE_RUN_SCRIPTS":""},"dockerRepository":"projects/urai-4dc1d/locations/us-central1/repositories/gcf-artifacts","sourceProvenance":{"resolvedStorageSource":{"bucket":"gcf-v2-sources-952723774155-us-central1","object":"api/function-source.zip","generation":"1767378471082241"}},"dockerRegistry":"ARTIFACT_REGISTRY","serviceAccount":"projects/urai-4dc1d/serviceAccounts/952723774155-compute@developer.gserviceaccount.com","automaticUpdatePolicy":{}},"serviceConfig":{"service":"projects/urai-4dc1d/locations/us-central1/services/api","timeoutSeconds":60,"environmentVariables":{"FIREBASE_CONFIG":"{\"projectId\":\"urai-4dc1d\",\"databaseURL\":\"https://urai-4dc1d-default-rtdb.firebaseio.com\",\"storageBucket\":\"urai-4dc1d.firebasestorage.app\"}","GCLOUD_PROJECT":"urai-4dc1d","EVENTARC_CLOUD_EVENT_SOURCE":"projects/urai-4dc1d/locations/us-central1/services/api","FUNCTION_TARGET":"api","LOG_EXECUTION_ID":"true"},"ingressSettings":"ALLOW_ALL","serviceAccountEmail":"952723774155-compute@developer.gserviceaccount.com","availableMemory":"256Mi","maxInstanceRequestConcurrency":80,"availableCpu":"1"},"state":"UNKNOWN","labels":{"firebase-functions-hash":"2e1a9a9c56668298705fa8ea72e541ae121f951a"},"stateMessages":[{"severity":"ERROR","type":"CloudRunServiceNotFound","message":"Cloud Run service projects/urai-4dc1d/locations/us-central1/services/api for the function was not found. The function will not work correctly. Please redeploy."}],"environment":"GEN_2","url":"https://us-central1-urai-4dc1d.cloudfunctions.net/api","satisfiesPzi":true},"stages":[{"name":"BUILD","message":"Build in progress","state":"IN_PROGRESS","resource":"projects/952723774155/locations/us-central1/builds/4ebe659d-9324-4c73-a691-cf17b7b38e03","resourceUri":"https://console.cloud.google.com/cloud-build/builds;region=us-central1/4ebe659d-9324-4c73-a691-cf17b7b38e03?project=952723774155"},{"name":"SERVICE","state":"NOT_STARTED"}],"operationType":"UPDATE_FUNCTION","buildName":"projects/952723774155/locations/us-central1/builds/4ebe659d-9324-4c73-a691-cf17b7b38e03"},"done":false}
[debug] [2026-01-02T20:04:50.832Z] [update-default-us-central1-api] Retrying task index 0
[debug] [2026-01-02T20:04:50.833Z] Checked if tokens are valid: true, expires at: 1767385544403
[debug] [2026-01-02T20:04:50.833Z] Checked if tokens are valid: true, expires at: 1767385544403
[debug] [2026-01-02T20:04:50.833Z] >>> [apiv2][query] GET https://cloudfunctions.googleapis.com/v2/projects/urai-4dc1d/locations/us-central1/operations/operation-1767384286528-6476d38948370-d8a0a372-b0a91737 [none]
[debug] [2026-01-02T20:04:50.857Z] <<< [apiv2][status] GET https://cloudfunctions.googleapis.com/v2/projects/urai-4dc1d/locations/us-central1/operations/operation-1767384286528-6476d38948370-d8a0a372-b0a91737 200
[debug] [2026-01-02T20:04:50.858Z] <<< [apiv2][body] GET https://cloudfunctions.googleapis.com/v2/projects/urai-4dc1d/locations/us-central1/operations/operation-1767384286528-6476d38948370-d8a0a372-b0a91737 {"name":"projects/urai-4dc1d/locations/us-central1/operations/operation-1767384286528-6476d38948370-d8a0a372-b0a91737","metadata":{"@type":"type.googleapis.com/google.cloud.functions.v2.OperationMetadata","createTime":"2026-01-02T20:04:47.196340288Z","target":"projects/urai-4dc1d/locations/us-central1/functions/api","verb":"update","cancelRequested":false,"apiVersion":"v2","requestResource":{"@type":"type.googleapis.com/google.cloud.functions.v2.Function","name":"projects/urai-4dc1d/locations/us-central1/functions/api","buildConfig":{"runtime":"nodejs20","entryPoint":"api","source":{"storageSource":{"bucket":"gcf-v2-sources-952723774155-us-central1","object":"api/function-source.zip","generation":"1767384287151674"}},"environmentVariables":{"GOOGLE_NODE_RUN_SCRIPTS":""},"dockerRepository":"projects/urai-4dc1d/locations/us-central1/repositories/gcf-artifacts","sourceProvenance":{"resolvedStorageSource":{"bucket":"gcf-v2-sources-952723774155-us-central1","object":"api/function-source.zip","generation":"1767378471082241"}},"dockerRegistry":"ARTIFACT_REGISTRY","serviceAccount":"projects/urai-4dc1d/serviceAccounts/952723774155-compute@developer.gserviceaccount.com","automaticUpdatePolicy":{}},"serviceConfig":{"service":"projects/urai-4dc1d/locations/us-central1/services/api","timeoutSeconds":60,"environmentVariables":{"FIREBASE_CONFIG":"{\"projectId\":\"urai-4dc1d\",\"databaseURL\":\"https://urai-4dc1d-default-rtdb.firebaseio.com\",\"storageBucket\":\"urai-4dc1d.firebasestorage.app\"}","GCLOUD_PROJECT":"urai-4dc1d","EVENTARC_CLOUD_EVENT_SOURCE":"projects/urai-4dc1d/locations/us-central1/services/api","FUNCTION_TARGET":"api","LOG_EXECUTION_ID":"true"},"ingressSettings":"ALLOW_ALL","serviceAccountEmail":"952723774155-compute@developer.gserviceaccount.com","availableMemory":"256Mi","maxInstanceRequestConcurrency":80,"availableCpu":"1"},"state":"UNKNOWN","labels":{"firebase-functions-hash":"2e1a9a9c56668298705fa8ea72e541ae121f951a"},"stateMessages":[{"severity":"ERROR","type":"CloudRunServiceNotFound","message":"Cloud Run service projects/urai-4dc1d/locations/us-central1/services/api for the function was not found. The function will not work correctly. Please redeploy."}],"environment":"GEN_2","url":"https://us-central1-urai-4dc1d.cloudfunctions.net/api","satisfiesPzi":true},"stages":[{"name":"BUILD","message":"Build in progress","state":"IN_PROGRESS","resource":"projects/952723774155/locations/us-central1/builds/4ebe659d-9324-4c73-a691-cf17b7b38e03","resourceUri":"https://console.cloud.google.com/cloud-build/builds;region=us-central1/4ebe659d-9324-4c73-a691-cf17b7b38e03?project=952723774155"},{"name":"SERVICE","state":"NOT_STARTED"}],"operationType":"UPDATE_FUNCTION","buildName":"projects/952723774155/locations/us-central1/builds/4ebe659d-9324-4c73-a691-cf17b7b38e03"},"done":false}
[debug] [2026-01-02T20:04:54.859Z] [update-default-us-central1-api] Retrying task index 0
[debug] [2026-01-02T20:04:54.859Z] Checked if tokens are valid: true, expires at: 1767385544403
[debug] [2026-01-02T20:04:54.860Z] Checked if tokens are valid: true, expires at: 1767385544403
[debug] [2026-01-02T20:04:54.860Z] >>> [apiv2][query] GET https://cloudfunctions.googleapis.com/v2/projects/urai-4dc1d/locations/us-central1/operations/operation-1767384286528-6476d38948370-d8a0a372-b0a91737 [none]
[debug] [2026-01-02T20:04:54.882Z] <<< [apiv2][status] GET https://cloudfunctions.googleapis.com/v2/projects/urai-4dc1d/locations/us-central1/operations/operation-1767384286528-6476d38948370-d8a0a372-b0a91737 200
[debug] [2026-01-02T20:04:54.883Z] <<< [apiv2][body] GET https://cloudfunctions.googleapis.com/v2/projects/urai-4dc1d/locations/us-central1/operations/operation-1767384286528-6476d38948370-d8a0a372-b0a91737 {"name":"projects/urai-4dc1d/locations/us-central1/operations/operation-1767384286528-6476d38948370-d8a0a372-b0a91737","metadata":{"@type":"type.googleapis.com/google.cloud.functions.v2.OperationMetadata","createTime":"2026-01-02T20:04:47.196340288Z","target":"projects/urai-4dc1d/locations/us-central1/functions/api","verb":"update","cancelRequested":false,"apiVersion":"v2","requestResource":{"@type":"type.googleapis.com/google.cloud.functions.v2.Function","name":"projects/urai-4dc1d/locations/us-central1/functions/api","buildConfig":{"runtime":"nodejs20","entryPoint":"api","source":{"storageSource":{"bucket":"gcf-v2-sources-952723774155-us-central1","object":"api/function-source.zip","generation":"1767384287151674"}},"environmentVariables":{"GOOGLE_NODE_RUN_SCRIPTS":""},"dockerRepository":"projects/urai-4dc1d/locations/us-central1/repositories/gcf-artifacts","sourceProvenance":{"resolvedStorageSource":{"bucket":"gcf-v2-sources-952723774155-us-central1","object":"api/function-source.zip","generation":"1767378471082241"}},"dockerRegistry":"ARTIFACT_REGISTRY","serviceAccount":"projects/urai-4dc1d/serviceAccounts/952723774155-compute@developer.gserviceaccount.com","automaticUpdatePolicy":{}},"serviceConfig":{"service":"projects/urai-4dc1d/locations/us-central1/services/api","timeoutSeconds":60,"environmentVariables":{"FIREBASE_CONFIG":"{\"projectId\":\"urai-4dc1d\",\"databaseURL\":\"https://urai-4dc1d-default-rtdb.firebaseio.com\",\"storageBucket\":\"urai-4dc1d.firebasestorage.app\"}","GCLOUD_PROJECT":"urai-4dc1d","EVENTARC_CLOUD_EVENT_SOURCE":"projects/urai-4dc1d/locations/us-central1/services/api","FUNCTION_TARGET":"api","LOG_EXECUTION_ID":"true"},"ingressSettings":"ALLOW_ALL","serviceAccountEmail":"952723774155-compute@developer.gserviceaccount.com","availableMemory":"256Mi","maxInstanceRequestConcurrency":80,"availableCpu":"1"},"state":"UNKNOWN","labels":{"firebase-functions-hash":"2e1a9a9c56668298705fa8ea72e541ae121f951a"},"stateMessages":[{"severity":"ERROR","type":"CloudRunServiceNotFound","message":"Cloud Run service projects/urai-4dc1d/locations/us-central1/services/api for the function was not found. The function will not work correctly. Please redeploy."}],"environment":"GEN_2","url":"https://us-central1-urai-4dc1d.cloudfunctions.net/api","satisfiesPzi":true},"stages":[{"name":"BUILD","message":"Build in progress","state":"IN_PROGRESS","resource":"projects/952723774155/locations/us-central1/builds/4ebe659d-9324-4c73-a691-cf17b7b38e03","resourceUri":"https://console.cloud.google.com/cloud-build/builds;region=us-central1/4ebe659d-9324-4c73-a691-cf17b7b38e03?project=952723774155"},{"name":"SERVICE","state":"NOT_STARTED"}],"operationType":"UPDATE_FUNCTION","buildName":"projects/952723774155/locations/us-central1/builds/4ebe659d-9324-4c73-a691-cf17b7b38e03"},"done":false}
[debug] [2026-01-02T20:05:02.886Z] [update-default-us-central1-api] Retrying task index 0
[debug] [2026-01-02T20:05:02.887Z] Checked if tokens are valid: true, expires at: 1767385544403
[debug] [2026-01-02T20:05:02.887Z] Checked if tokens are valid: true, expires at: 1767385544403
[debug] [2026-01-02T20:05:02.887Z] >>> [apiv2][query] GET https://cloudfunctions.googleapis.com/v2/projects/urai-4dc1d/locations/us-central1/operations/operation-1767384286528-6476d38948370-d8a0a372-b0a91737 [none]
[debug] [2026-01-02T20:05:02.956Z] <<< [apiv2][status] GET https://cloudfunctions.googleapis.com/v2/projects/urai-4dc1d/locations/us-central1/operations/operation-1767384286528-6476d38948370-d8a0a372-b0a91737 200
[debug] [2026-01-02T20:05:02.957Z] <<< [apiv2][body] GET https://cloudfunctions.googleapis.com/v2/projects/urai-4dc1d/locations/us-central1/operations/operation-1767384286528-6476d38948370-d8a0a372-b0a91737 {"name":"projects/urai-4dc1d/locations/us-central1/operations/operation-1767384286528-6476d38948370-d8a0a372-b0a91737","metadata":{"@type":"type.googleapis.com/google.cloud.functions.v2.OperationMetadata","createTime":"2026-01-02T20:04:47.196340288Z","target":"projects/urai-4dc1d/locations/us-central1/functions/api","verb":"update","cancelRequested":false,"apiVersion":"v2","requestResource":{"@type":"type.googleapis.com/google.cloud.functions.v2.Function","name":"projects/urai-4dc1d/locations/us-central1/functions/api","buildConfig":{"runtime":"nodejs20","entryPoint":"api","source":{"storageSource":{"bucket":"gcf-v2-sources-952723774155-us-central1","object":"api/function-source.zip","generation":"1767384287151674"}},"environmentVariables":{"GOOGLE_NODE_RUN_SCRIPTS":""},"dockerRepository":"projects/urai-4dc1d/locations/us-central1/repositories/gcf-artifacts","sourceProvenance":{"resolvedStorageSource":{"bucket":"gcf-v2-sources-952723774155-us-central1","object":"api/function-source.zip","generation":"1767378471082241"}},"dockerRegistry":"ARTIFACT_REGISTRY","serviceAccount":"projects/urai-4dc1d/serviceAccounts/952723774155-compute@developer.gserviceaccount.com","automaticUpdatePolicy":{}},"serviceConfig":{"service":"projects/urai-4dc1d/locations/us-central1/services/api","timeoutSeconds":60,"environmentVariables":{"FIREBASE_CONFIG":"{\"projectId\":\"urai-4dc1d\",\"databaseURL\":\"https://urai-4dc1d-default-rtdb.firebaseio.com\",\"storageBucket\":\"urai-4dc1d.firebasestorage.app\"}","GCLOUD_PROJECT":"urai-4dc1d","EVENTARC_CLOUD_EVENT_SOURCE":"projects/urai-4dc1d/locations/us-central1/services/api","FUNCTION_TARGET":"api","LOG_EXECUTION_ID":"true"},"ingressSettings":"ALLOW_ALL","serviceAccountEmail":"952723774155-compute@developer.gserviceaccount.com","availableMemory":"256Mi","maxInstanceRequestConcurrency":80,"availableCpu":"1"},"state":"UNKNOWN","labels":{"firebase-functions-hash":"2e1a9a9c56668298705fa8ea72e541ae121f951a"},"stateMessages":[{"severity":"ERROR","type":"CloudRunServiceNotFound","message":"Cloud Run service projects/urai-4dc1d/locations/us-central1/services/api for the function was not found. The function will not work correctly. Please redeploy."}],"environment":"GEN_2","url":"https://us-central1-urai-4dc1d.cloudfunctions.net/api","satisfiesPzi":true},"stages":[{"name":"BUILD","message":"Build in progress","state":"IN_PROGRESS","resource":"projects/952723774155/locations/us-central1/builds/4ebe659d-9324-4c73-a691-cf17b7b38e03","resourceUri":"https://console.cloud.google.com/cloud-build/builds;region=us-central1/4ebe659d-9324-4c73-a691-cf17b7b38e03?project=952723774155"},{"name":"SERVICE","state":"NOT_STARTED"}],"operationType":"UPDATE_FUNCTION","buildName":"projects/952723774155/locations/us-central1/builds/4ebe659d-9324-4c73-a691-cf17b7b38e03"},"done":false}
[debug] [2026-01-02T20:05:12.961Z] [update-default-us-central1-api] Retrying task index 0
[debug] [2026-01-02T20:05:12.963Z] Checked if tokens are valid: true, expires at: 1767385544403
[debug] [2026-01-02T20:05:12.963Z] Checked if tokens are valid: true, expires at: 1767385544403
[debug] [2026-01-02T20:05:12.964Z] >>> [apiv2][query] GET https://cloudfunctions.googleapis.com/v2/projects/urai-4dc1d/locations/us-central1/operations/operation-1767384286528-6476d38948370-d8a0a372-b0a91737 [none]
[debug] [2026-01-02T20:05:13.023Z] <<< [apiv2][status] GET https://cloudfunctions.googleapis.com/v2/projects/urai-4dc1d/locations/us-central1/operations/operation-1767384286528-6476d38948370-d8a0a372-b0a91737 200
[debug] [2026-01-02T20:05:13.026Z] <<< [apiv2][body] GET https://cloudfunctions.googleapis.com/v2/projects/urai-4dc1d/locations/us-central1/operations/operation-1767384286528-6476d38948370-d8a0a372-b0a91737 {"name":"projects/urai-4dc1d/locations/us-central1/operations/operation-1767384286528-6476d38948370-d8a0a372-b0a91737","metadata":{"@type":"type.googleapis.com/google.cloud.functions.v2.OperationMetadata","createTime":"2026-01-02T20:04:47.196340288Z","target":"projects/urai-4dc1d/locations/us-central1/functions/api","verb":"update","cancelRequested":false,"apiVersion":"v2","requestResource":{"@type":"type.googleapis.com/google.cloud.functions.v2.Function","name":"projects/urai-4dc1d/locations/us-central1/functions/api","buildConfig":{"runtime":"nodejs20","entryPoint":"api","source":{"storageSource":{"bucket":"gcf-v2-sources-952723774155-us-central1","object":"api/function-source.zip","generation":"1767384287151674"}},"environmentVariables":{"GOOGLE_NODE_RUN_SCRIPTS":""},"dockerRepository":"projects/urai-4dc1d/locations/us-central1/repositories/gcf-artifacts","sourceProvenance":{"resolvedStorageSource":{"bucket":"gcf-v2-sources-952723774155-us-central1","object":"api/function-source.zip","generation":"1767378471082241"}},"dockerRegistry":"ARTIFACT_REGISTRY","serviceAccount":"projects/urai-4dc1d/serviceAccounts/952723774155-compute@developer.gserviceaccount.com","automaticUpdatePolicy":{}},"serviceConfig":{"service":"projects/urai-4dc1d/locations/us-central1/services/api","timeoutSeconds":60,"environmentVariables":{"FIREBASE_CONFIG":"{\"projectId\":\"urai-4dc1d\",\"databaseURL\":\"https://urai-4dc1d-default-rtdb.firebaseio.com\",\"storageBucket\":\"urai-4dc1d.firebasestorage.app\"}","GCLOUD_PROJECT":"urai-4dc1d","EVENTARC_CLOUD_EVENT_SOURCE":"projects/urai-4dc1d/locations/us-central1/services/api","FUNCTION_TARGET":"api","LOG_EXECUTION_ID":"true"},"ingressSettings":"ALLOW_ALL","serviceAccountEmail":"952723774155-compute@developer.gserviceaccount.com","availableMemory":"256Mi","maxInstanceRequestConcurrency":80,"availableCpu":"1"},"state":"UNKNOWN","labels":{"firebase-functions-hash":"2e1a9a9c56668298705fa8ea72e541ae121f951a"},"stateMessages":[{"severity":"ERROR","type":"CloudRunServiceNotFound","message":"Cloud Run service projects/urai-4dc1d/locations/us-central1/services/api for the function was not found. The function will not work correctly. Please redeploy."}],"environment":"GEN_2","url":"https://us-central1-urai-4dc1d.cloudfunctions.net/api","satisfiesPzi":true},"stages":[{"name":"BUILD","message":"Build in progress","state":"IN_PROGRESS","resource":"projects/952723774155/locations/us-central1/builds/4ebe659d-9324-4c73-a691-cf17b7b38e03","resourceUri":"https://console.cloud.google.com/cloud-build/builds;region=us-central1/4ebe659d-9324-4c73-a691-cf17b7b38e03?project=952723774155"},{"name":"SERVICE","state":"NOT_STARTED"}],"operationType":"UPDATE_FUNCTION","buildName":"projects/952723774155/locations/us-central1/builds/4ebe659d-9324-4c73-a691-cf17b7b38e03"},"done":false}
[debug] [2026-01-02T20:05:23.031Z] [update-default-us-central1-api] Retrying task index 0
[debug] [2026-01-02T20:05:23.033Z] Checked if tokens are valid: true, expires at: 1767385544403
[debug] [2026-01-02T20:05:23.034Z] Checked if tokens are valid: true, expires at: 1767385544403
[debug] [2026-01-02T20:05:23.035Z] >>> [apiv2][query] GET https://cloudfunctions.googleapis.com/v2/projects/urai-4dc1d/locations/us-central1/operations/operation-1767384286528-6476d38948370-d8a0a372-b0a91737 [none]
[debug] [2026-01-02T20:05:23.112Z] <<< [apiv2][status] GET https://cloudfunctions.googleapis.com/v2/projects/urai-4dc1d/locations/us-central1/operations/operation-1767384286528-6476d38948370-d8a0a372-b0a91737 200
[debug] [2026-01-02T20:05:23.112Z] <<< [apiv2][body] GET https://cloudfunctions.googleapis.com/v2/projects/urai-4dc1d/locations/us-central1/operations/operation-1767384286528-6476d38948370-d8a0a372-b0a91737 {"name":"projects/urai-4dc1d/locations/us-central1/operations/operation-1767384286528-6476d38948370-d8a0a372-b0a91737","metadata":{"@type":"type.googleapis.com/google.cloud.functions.v2.OperationMetadata","createTime":"2026-01-02T20:04:47.196340288Z","target":"projects/urai-4dc1d/locations/us-central1/functions/api","verb":"update","cancelRequested":false,"apiVersion":"v2","requestResource":{"@type":"type.googleapis.com/google.cloud.functions.v2.Function","name":"projects/urai-4dc1d/locations/us-central1/functions/api","buildConfig":{"runtime":"nodejs20","entryPoint":"api","source":{"storageSource":{"bucket":"gcf-v2-sources-952723774155-us-central1","object":"api/function-source.zip","generation":"1767384287151674"}},"environmentVariables":{"GOOGLE_NODE_RUN_SCRIPTS":""},"dockerRepository":"projects/urai-4dc1d/locations/us-central1/repositories/gcf-artifacts","sourceProvenance":{"resolvedStorageSource":{"bucket":"gcf-v2-sources-952723774155-us-central1","object":"api/function-source.zip","generation":"1767378471082241"}},"dockerRegistry":"ARTIFACT_REGISTRY","serviceAccount":"projects/urai-4dc1d/serviceAccounts/952723774155-compute@developer.gserviceaccount.com","automaticUpdatePolicy":{}},"serviceConfig":{"service":"projects/urai-4dc1d/locations/us-central1/services/api","timeoutSeconds":60,"environmentVariables":{"FIREBASE_CONFIG":"{\"projectId\":\"urai-4dc1d\",\"databaseURL\":\"https://urai-4dc1d-default-rtdb.firebaseio.com\",\"storageBucket\":\"urai-4dc1d.firebasestorage.app\"}","GCLOUD_PROJECT":"urai-4dc1d","EVENTARC_CLOUD_EVENT_SOURCE":"projects/urai-4dc1d/locations/us-central1/services/api","FUNCTION_TARGET":"api","LOG_EXECUTION_ID":"true"},"ingressSettings":"ALLOW_ALL","serviceAccountEmail":"952723774155-compute@developer.gserviceaccount.com","availableMemory":"256Mi","maxInstanceRequestConcurrency":80,"availableCpu":"1"},"state":"UNKNOWN","labels":{"firebase-functions-hash":"2e1a9a9c56668298705fa8ea72e541ae121f951a"},"stateMessages":[{"severity":"ERROR","type":"CloudRunServiceNotFound","message":"Cloud Run service projects/urai-4dc1d/locations/us-central1/services/api for the function was not found. The function will not work correctly. Please redeploy."}],"environment":"GEN_2","url":"https://us-central1-urai-4dc1d.cloudfunctions.net/api","satisfiesPzi":true},"stages":[{"name":"BUILD","message":"Build in progress","state":"IN_PROGRESS","resource":"projects/952723774155/locations/us-central1/builds/4ebe659d-9324-4c73-a691-cf17b7b38e03","resourceUri":"https://console.cloud.google.com/cloud-build/builds;region=us-central1/4ebe659d-9324-4c73-a691-cf17b7b38e03?project=952723774155"},{"name":"SERVICE","state":"NOT_STARTED"}],"operationType":"UPDATE_FUNCTION","buildName":"projects/952723774155/locations/us-central1/builds/4ebe659d-9324-4c73-a691-cf17b7b38e03"},"done":false}
[debug] [2026-01-02T20:05:33.117Z] [update-default-us-central1-api] Retrying task index 0
[debug] [2026-01-02T20:05:33.118Z] Checked if tokens are valid: true, expires at: 1767385544403
[debug] [2026-01-02T20:05:33.118Z] Checked if tokens are valid: true, expires at: 1767385544403
[debug] [2026-01-02T20:05:33.118Z] >>> [apiv2][query] GET https://cloudfunctions.googleapis.com/v2/projects/urai-4dc1d/locations/us-central1/operations/operation-1767384286528-6476d38948370-d8a0a372-b0a91737 [none]
[debug] [2026-01-02T20:05:33.204Z] <<< [apiv2][status] GET https://cloudfunctions.googleapis.com/v2/projects/urai-4dc1d/locations/us-central1/operations/operation-1767384286528-6476d38948370-d8a0a372-b0a91737 200
[debug] [2026-01-02T20:05:33.204Z] <<< [apiv2][body] GET https://cloudfunctions.googleapis.com/v2/projects/urai-4dc1d/locations/us-central1/operations/operation-1767384286528-6476d38948370-d8a0a372-b0a91737 {"name":"projects/urai-4dc1d/locations/us-central1/operations/operation-1767384286528-6476d38948370-d8a0a372-b0a91737","metadata":{"@type":"type.googleapis.com/google.cloud.functions.v2.OperationMetadata","createTime":"2026-01-02T20:04:47.196340288Z","endTime":"2026-01-02T20:05:32.800289086Z","target":"projects/urai-4dc1d/locations/us-central1/functions/api","verb":"update","cancelRequested":false,"apiVersion":"v2","requestResource":{"@type":"type.googleapis.com/google.cloud.functions.v2.Function","name":"projects/urai-4dc1d/locations/us-central1/functions/api","buildConfig":{"runtime":"nodejs20","entryPoint":"api","source":{"storageSource":{"bucket":"gcf-v2-sources-952723774155-us-central1","object":"api/function-source.zip","generation":"1767384287151674"}},"environmentVariables":{"GOOGLE_NODE_RUN_SCRIPTS":""},"dockerRepository":"projects/urai-4dc1d/locations/us-central1/repositories/gcf-artifacts","sourceProvenance":{"resolvedStorageSource":{"bucket":"gcf-v2-sources-952723774155-us-central1","object":"api/function-source.zip","generation":"1767378471082241"}},"dockerRegistry":"ARTIFACT_REGISTRY","serviceAccount":"projects/urai-4dc1d/serviceAccounts/952723774155-compute@developer.gserviceaccount.com","automaticUpdatePolicy":{}},"serviceConfig":{"service":"projects/urai-4dc1d/locations/us-central1/services/api","timeoutSeconds":60,"environmentVariables":{"FIREBASE_CONFIG":"{\"projectId\":\"urai-4dc1d\",\"databaseURL\":\"https://urai-4dc1d-default-rtdb.firebaseio.com\",\"storageBucket\":\"urai-4dc1d.firebasestorage.app\"}","GCLOUD_PROJECT":"urai-4dc1d","EVENTARC_CLOUD_EVENT_SOURCE":"projects/urai-4dc1d/locations/us-central1/services/api","FUNCTION_TARGET":"api","LOG_EXECUTION_ID":"true"},"ingressSettings":"ALLOW_ALL","serviceAccountEmail":"952723774155-compute@developer.gserviceaccount.com","availableMemory":"256Mi","maxInstanceRequestConcurrency":80,"availableCpu":"1"},"state":"UNKNOWN","labels":{"firebase-functions-hash":"2e1a9a9c56668298705fa8ea72e541ae121f951a"},"stateMessages":[{"severity":"ERROR","type":"CloudRunServiceNotFound","message":"Cloud Run service projects/urai-4dc1d/locations/us-central1/services/api for the function was not found. The function will not work correctly. Please redeploy."}],"environment":"GEN_2","url":"https://us-central1-urai-4dc1d.cloudfunctions.net/api","satisfiesPzi":true},"stages":[{"name":"SERVICE","state":"NOT_STARTED"}],"operationType":"UPDATE_FUNCTION"},"done":true,"error":{"code":13,"message":"Build failed with status: FAILURE and message: An unexpected error occurred. Refer to build logs: https://console.cloud.google.com/cloud-build/builds;region=us-central1/4ebe659d-9324-4c73-a691-cf17b7b38e03?project=952723774155. For more details see the logs at https://console.cloud.google.com/cloud-build/builds;region=us-central1/4ebe659d-9324-4c73-a691-cf17b7b38e03?project=952723774155."}}
[debug] [2026-01-02T20:05:33.204Z] Got source token undefined for region us-central1
[error] Build failed with status: FAILURE and message: An unexpected error occurred. Refer to build logs: https://console.cloud.google.com/cloud-build/builds;region=us-central1/4ebe659d-9324-4c73-a691-cf17b7b38e03?project=952723774155. For more details see the logs at https://console.cloud.google.com/cloud-build/builds;region=us-central1/4ebe659d-9324-4c73-a691-cf17b7b38e03?project=952723774155.
[debug] [2026-01-02T20:05:33.239Z] Total Function Deployment time: 46734
[debug] [2026-01-02T20:05:33.239Z] 1 Functions Deployed
[debug] [2026-01-02T20:05:33.239Z] 1 Functions Errored
[debug] [2026-01-02T20:05:33.239Z] 0 Function Deployments Aborted
[debug] [2026-01-02T20:05:33.239Z] Average Function Deployment time: 46733
[info] 
[info] Functions deploy had errors with the following functions:
	api(us-central1)
[debug] [2026-01-02T20:05:33.273Z] Not printing URL for HTTPS function. Typically this means it didn't match a filter or we failed deployment
[debug] [2026-01-02T20:05:33.276Z] Checked if tokens are valid: true, expires at: 1767385544403
[debug] [2026-01-02T20:05:33.277Z] Checked if tokens are valid: true, expires at: 1767385544403
[debug] [2026-01-02T20:05:33.277Z] >>> [apiv2][query] GET https://artifactregistry.googleapis.com/v1/projects/urai-4dc1d/locations/us-central1/repositories/gcf-artifacts [none]
[debug] [2026-01-02T20:05:33.354Z] <<< [apiv2][status] GET https://artifactregistry.googleapis.com/v1/projects/urai-4dc1d/locations/us-central1/repositories/gcf-artifacts 200
[debug] [2026-01-02T20:05:33.355Z] <<< [apiv2][body] GET https://artifactregistry.googleapis.com/v1/projects/urai-4dc1d/locations/us-central1/repositories/gcf-artifacts {"name":"projects/urai-4dc1d/locations/us-central1/repositories/gcf-artifacts","format":"DOCKER","description":"This repository is created and used by Cloud Functions for storing function docker images.","labels":{"goog-managed-by":"cloudfunctions","firebase-functions-cleanup-opted-out":"true"},"createTime":"2025-08-14T15:55:13.124038Z","updateTime":"2025-08-17T21:58:26.538838Z","mode":"STANDARD_REPOSITORY","vulnerabilityScanningConfig":{"lastEnableTime":"2025-08-14T15:55:12.319770638Z","enablementState":"SCANNING_DISABLED","enablementStateReason":"API containerscanning.googleapis.com is not enabled."},"satisfiesPzi":true,"registryUri":"us-central1-docker.pkg.dev/urai-4dc1d/gcf-artifacts"}
[debug] [2026-01-02T20:05:33.356Z] Functions deploy failed.
[debug] [2026-01-02T20:05:33.356Z] {
  "endpoint": {
    "id": "api",
    "project": "urai-4dc1d",
    "region": "us-central1",
    "entryPoint": "api",
    "platform": "gcfv2",
    "runtime": "nodejs20",
    "httpsTrigger": {},
    "labels": {
      "deployment-tool": "cli-firebase--project-idx"
    },
    "serviceAccount": null,
    "ingressSettings": null,
    "availableMemoryMb": null,
    "timeoutSeconds": null,
    "maxInstances": null,
    "minInstances": null,
    "concurrency": 80,
    "vpc": null,
    "environmentVariables": {
      "FIREBASE_CONFIG": "{\"projectId\":\"urai-4dc1d\",\"databaseURL\":\"https://urai-4dc1d-default-rtdb.firebaseio.com\",\"storageBucket\":\"urai-4dc1d.firebasestorage.app\"}",
      "GCLOUD_PROJECT": "urai-4dc1d",
      "EVENTARC_CLOUD_EVENT_SOURCE": "projects/urai-4dc1d/locations/us-central1/services/api"
    },
    "codebase": "default",
    "securityLevel": "SECURE_ALWAYS",
    "cpu": 1,
    "targetedByOnly": true,
    "hash": "2e1a9a9c56668298705fa8ea72e541ae121f951a"
  },
  "op": "update",
  "original": {
    "name": "FirebaseError",
    "children": [],
    "exit": 1,
    "message": "Build failed with status: FAILURE and message: An unexpected error occurred. Refer to build logs: https://console.cloud.google.com/cloud-build/builds;region=us-central1/4ebe659d-9324-4c73-a691-cf17b7b38e03?project=952723774155. For more details see the logs at https://console.cloud.google.com/cloud-build/builds;region=us-central1/4ebe659d-9324-4c73-a691-cf17b7b38e03?project=952723774155.",
    "original": {
      "code": 13,
      "message": "Build failed with status: FAILURE and message: An unexpected error occurred. Refer to build logs: https://console.cloud.google.com/cloud-build/builds;region=us-central1/4ebe659d-9324-4c73-a691-cf17b7b38e03?project=952723774155. For more details see the logs at https://console.cloud.google.com/cloud-build/builds;region=us-central1/4ebe659d-9324-4c73-a691-cf17b7b38e03?project=952723774155."
    },
    "status": 13,
    "code": 13
  }
}
[debug] [2026-01-02T20:05:33.397Z] Error: Failed to update function api in region us-central1
    at /nix/store/c776mhyhgykcld7p90ajrka149ifn61a-firebase-tools-14.26.0/lib/node_modules/firebase-tools/lib/deploy/functions/release/fabricator.js:411:19
    at process.processTicksAndRejections (node:internal/process/task_queues:95:5)
    at async Fabricator.updateV2Function (/nix/store/c776mhyhgykcld7p90ajrka149ifn61a-firebase-tools-14.26.0/lib/node_modules/firebase-tools/lib/deploy/functions/release/fabricator.js:400:32)
    at async Fabricator.updateEndpoint (/nix/store/c776mhyhgykcld7p90ajrka149ifn61a-firebase-tools-14.26.0/lib/node_modules/firebase-tools/lib/deploy/functions/release/fabricator.js:160:13)
    at async handle (/nix/store/c776mhyhgykcld7p90ajrka149ifn61a-firebase-tools-14.26.0/lib/node_modules/firebase-tools/lib/deploy/functions/release/fabricator.js:89:17)
[error] 
[error] Error: There was an error deploying functions
